<?xml version="1.0" encoding="UTF-8"?>
<testng-results skipped="0" failed="0" total="1" passed="1">
  <reporter-output>
  </reporter-output>
  <suite name="com.festicket.qa.TestCases.HomepageTest" duration-ms="45776" started-at="2019-03-23T12:56:59Z" finished-at="2019-03-23T12:57:44Z">
    <groups>
    </groups>
    <test name="Command line test" duration-ms="45776" started-at="2019-03-23T12:56:59Z" finished-at="2019-03-23T12:57:44Z">
      <class name="com.festicket.qa.TestCases.HomepageTest">
        <test-method status="PASS" signature="setUp()[pri:0, instance:com.festicket.qa.TestCases.HomepageTest@edf4efb]" name="setUp" is-config="true" duration-ms="22442" started-at="2019-03-23T12:56:59Z" finished-at="2019-03-23T12:57:21Z">
          <reporter-output>
          </reporter-output>
        </test-method> <!-- setUp -->
        <test-method status="PASS" signature="verifyCorrectUser()[pri:0, instance:com.festicket.qa.TestCases.HomepageTest@edf4efb]" name="verifyCorrectUser" duration-ms="19678" started-at="2019-03-23T12:57:21Z" finished-at="2019-03-23T12:57:41Z">
          <reporter-output>
          </reporter-output>
        </test-method> <!-- verifyCorrectUser -->
        <test-method status="PASS" signature="tearDown()[pri:0, instance:com.festicket.qa.TestCases.HomepageTest@edf4efb]" name="tearDown" is-config="true" duration-ms="3625" started-at="2019-03-23T12:57:41Z" finished-at="2019-03-23T12:57:44Z">
          <reporter-output>
          </reporter-output>
        </test-method> <!-- tearDown -->
      </class> <!-- com.festicket.qa.TestCases.HomepageTest -->
    </test> <!-- Command line test -->
  </suite> <!-- com.festicket.qa.TestCases.HomepageTest -->
</testng-results>
